C51 COMPILER V7.50   KEY                                                                   06/07/2013 11:17:29 PAGE 1   


C51 COMPILER V7.50, COMPILATION OF MODULE KEY
OBJECT MODULE PLACED IN key.OBJ
COMPILER INVOKED BY: D:\Program Files\KEIL 2\C51\BIN\C51.EXE key.c BROWSE DEBUG OBJECTEXTEND

line level    source

   1          #include "include.h"
*** WARNING C318 IN LINE 1 OF include.h: can't open file 'STC11.H'
*** ERROR C202 IN LINE 115 OF RC522.H: 'P0': undefined identifier
*** ERROR C202 IN LINE 116 OF RC522.H: 'P0': undefined identifier
*** ERROR C202 IN LINE 117 OF RC522.H: 'P0': undefined identifier
*** ERROR C202 IN LINE 118 OF RC522.H: 'P4': undefined identifier
*** ERROR C202 IN LINE 119 OF RC522.H: 'P2': undefined identifier
*** ERROR C202 IN LINE 9 OF INCLUDE.H: 'P3': undefined identifier
   2          
   3          sbit  line1=P3^7;
*** ERROR C202 IN LINE 3 OF KEY.C: 'P3': undefined identifier
   4          sbit  line2=P2^3;
*** ERROR C202 IN LINE 4 OF KEY.C: 'P2': undefined identifier
   5          sbit  row1=P3^6;
*** ERROR C202 IN LINE 5 OF KEY.C: 'P3': undefined identifier
   6          sbit  row2=P2^4;
*** ERROR C202 IN LINE 6 OF KEY.C: 'P2': undefined identifier
   7          
   8          #define  SET_LINE1  line1=1
   9          #define  CLR_LINE1  line1=0
  10          #define  SET_LINE2  line2=1
  11          #define  CLR_LINE2  line2=0
  12          
  13          #define  STU_ROW1  row1
  14          #define  STU_ROW2  row2
  15          
  16          extern uchar data KeyTime;
  17          
  18          uchar GetKey(void)
  19          {
  20   1        //uchar tmp=0;
  21   1        SET_LINE1;
*** ERROR C202 IN LINE 21 OF KEY.C: 'line1': undefined identifier
  22   1        SET_LINE2;
*** ERROR C202 IN LINE 22 OF KEY.C: 'line2': undefined identifier
  23   1        CLR_LINE1;
*** ERROR C202 IN LINE 23 OF KEY.C: 'line1': undefined identifier
  24   1        
  25   1        nop();
  26   1        if((STU_ROW1==0)&&(!KeyTime))
*** ERROR C202 IN LINE 26 OF KEY.C: 'row1': undefined identifier
  27   1        {
  28   2          return N_1;
  29   2        }
  30   1        else if((STU_ROW2==0)&&(!KeyTime))
*** ERROR C202 IN LINE 30 OF KEY.C: 'row2': undefined identifier
  31   1        {
  32   2          return N_3;
  33   2        }
  34   1        
  35   1        SET_LINE1;
*** ERROR C202 IN LINE 35 OF KEY.C: 'line1': undefined identifier
  36   1        SET_LINE2;
*** ERROR C202 IN LINE 36 OF KEY.C: 'line2': undefined identifier
  37   1        CLR_LINE2;
C51 COMPILER V7.50   KEY                                                                   06/07/2013 11:17:29 PAGE 2   

*** ERROR C202 IN LINE 37 OF KEY.C: 'line2': undefined identifier
  38   1        nop();
  39   1        if((STU_ROW1==0)&&(!KeyTime))
*** ERROR C202 IN LINE 39 OF KEY.C: 'row1': undefined identifier
  40   1        {
  41   2          return N_2;
  42   2        }
  43   1        else if((STU_ROW2==0)&&(!KeyTime))
*** ERROR C202 IN LINE 43 OF KEY.C: 'row2': undefined identifier
  44   1        {
  45   2          return N_4;
  46   2        }  
  47   1        
  48   1        return N_NOP; 
  49   1      }

C51 COMPILATION COMPLETE.  1 WARNING(S),  20 ERROR(S)
