C51 COMPILER V9.00   KEY4X4                                                                03/20/2017 09:46:32 PAGE 1   


C51 COMPILER V9.00, COMPILATION OF MODULE KEY4X4
OBJECT MODULE PLACED IN KEY4X4.OBJ
COMPILER INVOKED BY: D:\SOFT\keil\C51\BIN\C51.EXE KEY4X4.c BROWSE DEBUG OBJECTEXTEND

line level    source

   1          #include"KEY4X4.h"
   2          /********************************************************************
   3          * 名称 : Delay_1ms()
   4          * 功能 : 延时子程序，延时时间为 1ms * x
   5          * 输入 : x (延时一毫秒的个数)
   6          * 输出 : 无
   7          ***********************************************************************/
   8          void KEY4X4_Delay_1ms(unsigned int i)//1ms延时
   9          {
  10   1              unsigned char x,j;
  11   1              for(j=0;j<i;j++)
  12   1                      for(x=0;x<=148;x++);    
  13   1      }
  14          
  15          /********************************************************************
  16          * 名称 : delay()
  17          * 功能 : 延时,延时时间大概为140US。
  18          * 输入 : 无
  19          * 输出 : 无
  20          ***********************************************************************/
  21          
  22          void KEY4X4_delay()
  23          {
  24   1              int i,j;
  25   1              for(i=0; i<=10; i++)
  26   1                      for(j=0; j<=2; j++);
  27   1      }
  28          /********************************************************************
  29          * 名称 : Keyscan()
  30          * 功能 : 实现按键的读取。下面这个子程序是按处理 矩阵键盘 的基本方法处理的。
  31          * 输入 : 无
  32          * 输出 : 按键值
  33          ***********************************************************************/
  34          unsigned char KEY4X4_Keyscan(void)
  35          {
  36   1              unsigned char i,j, temp, Buffer[4] = {0xef, 0xdf, 0xbf, 0x7f};
  37   1              
  38   1              for(j=0; j<4; j++)
  39   1              {
  40   2                      P2 = Buffer[j];
  41   2                      /*以下三个_nop_();作用为让 P1 口的状态稳定*/
  42   2                      KEY4X4_delay();
  43   2                      temp = 0x01;                                                                                            
             -                                                                        
  44   2                      for(i=0; i<4; i++)
  45   2                      {
  46   3                              if(!(P2 & temp)) 
  47   3                              {
  48   4                                      return (i+j*4);
  49   4                              }
  50   3                              temp <<= 1;
  51   3                      }
  52   2              }       
  53   1      }
*** WARNING C291 IN LINE 53 OF KEY4X4.C: not every exit path returns a value
C51 COMPILER V9.00   KEY4X4                                                                03/20/2017 09:46:32 PAGE 2   



MODULE INFORMATION:   STATIC OVERLAYABLE
   CODE SIZE        =    112    ----
   CONSTANT SIZE    =      4    ----
   XDATA SIZE       =   ----    ----
   PDATA SIZE       =   ----    ----
   DATA SIZE        =   ----       4
   IDATA SIZE       =   ----    ----
   BIT SIZE         =   ----    ----
END OF MODULE INFORMATION.


C51 COMPILATION COMPLETE.  1 WARNING(S),  0 ERROR(S)
