C51 COMPILER V9.00   LCD1602                                                               03/20/2017 09:46:32 PAGE 1   


C51 COMPILER V9.00, COMPILATION OF MODULE LCD1602
OBJECT MODULE PLACED IN LCD1602.OBJ
COMPILER INVOKED BY: D:\SOFT\keil\C51\BIN\C51.EXE LCD1602.c BROWSE DEBUG OBJECTEXTEND

line level    source

   1          #include "LCD1602.h"
   2          
   3          void delay_50us_1602(unsigned int t)
   4          {
   5   1              unsigned char j;
   6   1              for(;t>0;t--)
   7   1                      for(j=19;j>0;j--);
   8   1      }
   9          
  10          void LCD1602_write_com(unsigned char com) 
  11          {
  12   1              LCD1602_E = 0;
  13   1              LCD1602_RS = 0;
  14   1              LCD1602_RW = 0;
  15   1              LCD1602_Data= com;
  16   1              delay_50us_1602(10);
  17   1              LCD1602_E = 1;
  18   1              delay_50us_1602(20);
  19   1              LCD1602_E = 0;
  20   1      }
  21          
  22          void LCD1602_write_data(unsigned int dat)
  23          {
  24   1              LCD1602_E = 0;
  25   1              LCD1602_RS = 1;
  26   1              LCD1602_RW = 0;
  27   1              LCD1602_Data = dat;
  28   1              delay_50us_1602(10);
  29   1              LCD1602_E = 1;
  30   1              delay_50us_1602(20);
  31   1              LCD1602_E = 0;
  32   1      }
  33          
  34          void LCD1602_init(void)
  35          {
  36   1         delay_50us_1602(300);
  37   1         LCD1602_write_com(0X38);
  38   1         delay_50us_1602(100);
  39   1         LCD1602_write_com(0X38);
  40   1         delay_50us_1602(100);
  41   1         LCD1602_write_com(0X38);
  42   1         LCD1602_write_com(0X38);
  43   1         LCD1602_write_com(0X08);
  44   1         LCD1602_write_com(0X01);
  45   1         LCD1602_write_com(0X06);
  46   1         LCD1602_write_com(0X0C);
  47   1         
  48   1      }
  49          void LCD1602_Clear(void)
  50          {
  51   1              LCD1602_write_com(0X01);
  52   1      }
  53          /*******************************************
  54          函数名称：Disp_ZF
  55          功    能：控制液晶显示字符
C51 COMPILER V9.00   LCD1602                                                               03/20/2017 09:46:32 PAGE 2   

  56          参    数：addr--显示位置的首地址
  57                    pt--指向显示数据的指针
  58                    num--显示字符个数
  59          返回值  ：无
  60          ********************************************/
  61          void LCD1602_Disp_ZF(unsigned char addr,const unsigned char * pt,unsigned char num)
  62          {
  63   1              unsigned char i;
  64   1              LCD1602_write_com(addr); 
  65   1              for(i = 0;i < (num*1);i++) 
  66   1                      LCD1602_write_data(*(pt++)); 
  67   1      } 


MODULE INFORMATION:   STATIC OVERLAYABLE
   CODE SIZE        =    154    ----
   CONSTANT SIZE    =   ----    ----
   XDATA SIZE       =   ----    ----
   PDATA SIZE       =   ----    ----
   DATA SIZE        =   ----       5
   IDATA SIZE       =   ----    ----
   BIT SIZE         =   ----    ----
END OF MODULE INFORMATION.


C51 COMPILATION COMPLETE.  0 WARNING(S),  0 ERROR(S)
